<?xml version="1.0" encoding="UTF-8"?>
<!-- Generated by org.testng.reporters.JUnitReportReporter -->
<testsuite hostname="QTR-CV-142" failures="0" tests="1" name="com.inetbanking.testCases.TC_AddCustomerTest_003" time="21.810" errors="0" timestamp="2022-03-24T14:14:42 CET" skipped="0">
  <testcase classname="com.inetbanking.testCases.TC_AddCustomerTest_003" name="addNewCustomer" time="21.810"/>
  <system-out/>
</testsuite> <!-- com.inetbanking.testCases.TC_AddCustomerTest_003 -->
