<?xml version="1.0" encoding="UTF-8"?>
<!-- Generated by org.testng.reporters.JUnitReportReporter -->
<testsuite hostname="QTR-CV-142" failures="0" tests="1" name="com.inetbanking.testCases.LoginTestcase_001" time="5.264" errors="0" timestamp="2022-03-26T16:34:36 CET" skipped="0">
  <testcase classname="com.inetbanking.testCases.LoginTestcase_001" name="loginTest" time="5.264"/>
  <system-out/>
</testsuite> <!-- com.inetbanking.testCases.LoginTestcase_001 -->
